Using pre-set license
Built from '2020.3/staging' branch; Version is '2020.3.23f1 (c5d91304a876) revision 12966163'; Using compiler version '192528614'; Build Type 'Release'
OS: 'Windows 10 Home; OS build 22000.434; Version 2009; 64bit' Language: 'en' Physical Memory: 6091 MB
BatchMode: 1, IsHumanControllingUs: 0, StartBugReporterOnCrash: 0, Is64bit: 1, IsPro: 0

COMMAND LINE ARGUMENTS:
C:\Program Files\Unity\Hub\Editor\2020.3.23f1\Editor\Unity.exe
-adb2
-batchMode
-noUpm
-name
AssetImportWorker0
-projectPath
C:/Users/Lucas Monlezun/Pictures/SAVE/fac/aspic/concours/CrossingGard
-logFile
Logs/AssetImportWorker0.log
-srvPort
51543
Successfully changed project path to: C:/Users/Lucas Monlezun/Pictures/SAVE/fac/aspic/concours/CrossingGard
C:/Users/Lucas Monlezun/Pictures/SAVE/fac/aspic/concours/CrossingGard
Using Asset Import Pipeline V2.
Refreshing native plugins compatible for Editor in 78.41 ms, found 2 plugins.
Preloading 0 native plugins for Editor in 0.00 ms.
Initialize engine version: 2020.3.23f1 (c5d91304a876)
[Subsystems] Discovering subsystems at path C:/Program Files/Unity/Hub/Editor/2020.3.23f1/Editor/Data/Resources/UnitySubsystems
[Subsystems] Discovering subsystems at path C:/Users/Lucas Monlezun/Pictures/SAVE/fac/aspic/concours/CrossingGard/Assets
GfxDevice: creating device client; threaded=0
Direct3D:
    Version:  Direct3D 11.0 [level 11.1]
    Renderer: Radeon(TM) 540X (ID=0x699f)
    Vendor:   
    VRAM:     2028 MB
    Driver:   30.0.13023.4001
Initialize mono
Mono path[0] = 'C:/Program Files/Unity/Hub/Editor/2020.3.23f1/Editor/Data/Managed'
Mono path[1] = 'C:/Program Files/Unity/Hub/Editor/2020.3.23f1/Editor/Data/MonoBleedingEdge/lib/mono/unityjit'
Mono config path = 'C:/Program Files/Unity/Hub/Editor/2020.3.23f1/Editor/Data/MonoBleedingEdge/etc'
Using monoOptions --debugger-agent=transport=dt_socket,embedding=1,server=y,suspend=n,address=127.0.0.1:56748
Begin MonoManager ReloadAssembly
Registering precompiled unity dll's ...
Register platform support module: C:/Program Files/Unity/Hub/Editor/2020.3.23f1/Editor/Data/PlaybackEngines/WindowsStandaloneSupport/UnityEditor.WindowsStandalone.Extensions.dll
Registered in 0.004313 seconds.
Native extension for WindowsStandalone target not found
Refreshing native plugins compatible for Editor in 93.47 ms, found 2 plugins.
Preloading 0 native plugins for Editor in 0.00 ms.
Mono: successfully reloaded assembly
- Completed reload, in  1.196 seconds
Domain Reload Profiling:
	ReloadAssembly (1197ms)
		BeginReloadAssembly (77ms)
			ExecutionOrderSort (0ms)
			DisableScriptedObjects (0ms)
			BackupInstance (0ms)
			ReleaseScriptingObjects (0ms)
			CreateAndSetChildDomain (1ms)
		EndReloadAssembly (980ms)
			LoadAssemblies (72ms)
			RebuildTransferFunctionScriptingTraits (0ms)
			SetupTypeCache (255ms)
			ReleaseScriptCaches (0ms)
			RebuildScriptCaches (96ms)
			SetupLoadedEditorAssemblies (362ms)
				LogAssemblyErrors (0ms)
				InitializePlatformSupportModulesInManaged (9ms)
				SetLoadedEditorAssemblies (1ms)
				RefreshPlugins (94ms)
				BeforeProcessingInitializeOnLoad (22ms)
				ProcessInitializeOnLoadAttributes (183ms)
				ProcessInitializeOnLoadMethodAttributes (53ms)
				AfterProcessingInitializeOnLoad (0ms)
				EditorAssembliesLoaded (0ms)
			ExecutionOrderSort2 (0ms)
			AwakeInstancesAfterBackupRestoration (0ms)
Platform modules already initialized, skipping
Registering precompiled user dll's ...
Registered in 0.026489 seconds.
Begin MonoManager ReloadAssembly
Native extension for WindowsStandalone target not found
Refreshing native plugins compatible for Editor in 0.89 ms, found 2 plugins.
Preloading 0 native plugins for Editor in 0.00 ms.
Mono: successfully reloaded assembly
- Completed reload, in  4.271 seconds
Domain Reload Profiling:
	ReloadAssembly (4274ms)
		BeginReloadAssembly (510ms)
			ExecutionOrderSort (0ms)
			DisableScriptedObjects (15ms)
			BackupInstance (0ms)
			ReleaseScriptingObjects (0ms)
			CreateAndSetChildDomain (76ms)
		EndReloadAssembly (3639ms)
			LoadAssemblies (208ms)
			RebuildTransferFunctionScriptingTraits (0ms)
			SetupTypeCache (1022ms)
			ReleaseScriptCaches (1ms)
			RebuildScriptCaches (159ms)
			SetupLoadedEditorAssemblies (1303ms)
				LogAssemblyErrors (0ms)
				InitializePlatformSupportModulesInManaged (26ms)
				SetLoadedEditorAssemblies (3ms)
				RefreshPlugins (1ms)
				BeforeProcessingInitializeOnLoad (398ms)
				ProcessInitializeOnLoadAttributes (848ms)
				ProcessInitializeOnLoadMethodAttributes (18ms)
				AfterProcessingInitializeOnLoad (8ms)
				EditorAssembliesLoaded (1ms)
			ExecutionOrderSort2 (0ms)
			AwakeInstancesAfterBackupRestoration (19ms)
Platform modules already initialized, skipping
========================================================================
Worker process is ready to serve import requests
Launched and connected shader compiler UnityShaderCompiler.exe after 0.11 seconds
Refreshing native plugins compatible for Editor in 1.16 ms, found 2 plugins.
Preloading 0 native plugins for Editor in 0.00 ms.
Unloading 1501 Unused Serialized files (Serialized files now loaded: 0)
System memory in use before: 69.9 MB.
System memory in use after: 70.0 MB.

Unloading 19 unused Assets to reduce memory usage. Loaded Objects now: 1935.
Total: 5.935600 ms (FindLiveObjects: 0.332600 ms CreateObjectMapping: 0.074500 ms MarkObjects: 5.382400 ms  DeleteObjects: 0.143700 ms)

AssetImportParameters requested are different than current active one (requested -> active):
  custom:framework-win-MediaFoundation: 216162199b28c13a410421893ffa2e32 -> 
  custom:video-decoder-ogg-theora: a1e56fd34408186e4bbccfd4996cb3dc -> 
  custom:container-muxer-webm: aa71ff27fc2769a1b78a27578f13a17b -> 
  custom:container-demuxer-webm: 4f35f7cbe854078d1ac9338744f61a02 -> 
  custom:container-demuxer-ogg: 62fdf1f143b41e24485cea50d1cbac27 -> 
  custom:video-encoder-webm-vp8: eb34c28f22e8b96e1ab97ce403110664 -> 
  custom:video-decoder-webm-vp8: 9c59270c3fd7afecdb556c50c9e8de78 -> 
  custom:audio-decoder-ogg-vorbis: bf7c407c2cedff20999df2af8eb42d56 -> 
  custom:audio-encoder-webm-vorbis: bf7c407c2cedff20999df2af8eb42d56 -> 
========================================================================
Received Import Request.
  path: Assets/Scripts/Human.cs
  artifactKey: Guid(5cc45493edc4f834a9a17ab63ae28677) Importer(815301076,1909f56bfc062723c751e8b465ee728b)
Start importing Assets/Scripts/Human.cs using Guid(5cc45493edc4f834a9a17ab63ae28677) Importer(815301076,1909f56bfc062723c751e8b465ee728b)  -> (artifact id: 'd2b0be4a09f22f72b479e41ffe122442') in 0.074628 seconds 
  Import took 0.080961 seconds .

========================================================================
Received Prepare
Refreshing native plugins compatible for Editor in 5.03 ms, found 2 plugins.
Preloading 0 native plugins for Editor in 0.00 ms.
Unloading 12 Unused Serialized files (Serialized files now loaded: 0)
System memory in use before: 40.1 MB.
System memory in use after: 40.2 MB.

Unloading 12 unused Assets to reduce memory usage. Loaded Objects now: 1935.
Total: 4.483400 ms (FindLiveObjects: 0.266100 ms CreateObjectMapping: 0.048400 ms MarkObjects: 4.145500 ms  DeleteObjects: 0.021900 ms)

AssetImportParameters requested are different than current active one (requested -> active):
  custom:framework-win-MediaFoundation: 216162199b28c13a410421893ffa2e32 -> 
  custom:video-decoder-ogg-theora: a1e56fd34408186e4bbccfd4996cb3dc -> 
  custom:container-muxer-webm: aa71ff27fc2769a1b78a27578f13a17b -> 
  custom:container-demuxer-webm: 4f35f7cbe854078d1ac9338744f61a02 -> 
  custom:container-demuxer-ogg: 62fdf1f143b41e24485cea50d1cbac27 -> 
  custom:video-encoder-webm-vp8: eb34c28f22e8b96e1ab97ce403110664 -> 
  custom:video-decoder-webm-vp8: 9c59270c3fd7afecdb556c50c9e8de78 -> 
  custom:audio-decoder-ogg-vorbis: bf7c407c2cedff20999df2af8eb42d56 -> 
  custom:audio-encoder-webm-vorbis: bf7c407c2cedff20999df2af8eb42d56 -> 
========================================================================
Received Import Request.
  Time since last request: 260.555074 seconds.
  path: Assets/Scripts/Human.cs
  artifactKey: Guid(5cc45493edc4f834a9a17ab63ae28677) Importer(815301076,1909f56bfc062723c751e8b465ee728b)
Start importing Assets/Scripts/Human.cs using Guid(5cc45493edc4f834a9a17ab63ae28677) Importer(815301076,1909f56bfc062723c751e8b465ee728b)  -> (artifact id: '58323a9a25a00bc4c9f1dd5da2f7c47f') in 0.007781 seconds 
  Import took 0.012963 seconds .

========================================================================
Received Import Request.
  Time since last request: 13.388926 seconds.
  path: Assets/Scripts/Human.cs
  artifactKey: Guid(5cc45493edc4f834a9a17ab63ae28677) Importer(815301076,1909f56bfc062723c751e8b465ee728b)
Start importing Assets/Scripts/Human.cs using Guid(5cc45493edc4f834a9a17ab63ae28677) Importer(815301076,1909f56bfc062723c751e8b465ee728b)  -> (artifact id: 'b0554f57a9647d63c307416f273a475b') in 0.006756 seconds 
  Import took 0.011586 seconds .

========================================================================
Received Prepare
Registering precompiled user dll's ...
Registered in 0.010280 seconds.
Begin MonoManager ReloadAssembly
Native extension for WindowsStandalone target not found
Refreshing native plugins compatible for Editor in 0.48 ms, found 2 plugins.
Preloading 0 native plugins for Editor in 0.00 ms.
Mono: successfully reloaded assembly
- Completed reload, in  1.369 seconds
Domain Reload Profiling:
	ReloadAssembly (1369ms)
		BeginReloadAssembly (152ms)
			ExecutionOrderSort (0ms)
			DisableScriptedObjects (6ms)
			BackupInstance (0ms)
			ReleaseScriptingObjects (0ms)
			CreateAndSetChildDomain (54ms)
		EndReloadAssembly (1130ms)
			LoadAssemblies (126ms)
			RebuildTransferFunctionScriptingTraits (0ms)
			SetupTypeCache (387ms)
			ReleaseScriptCaches (1ms)
			RebuildScriptCaches (62ms)
			SetupLoadedEditorAssemblies (386ms)
				LogAssemblyErrors (0ms)
				InitializePlatformSupportModulesInManaged (7ms)
				SetLoadedEditorAssemblies (1ms)
				RefreshPlugins (1ms)
				BeforeProcessingInitializeOnLoad (75ms)
				ProcessInitializeOnLoadAttributes (283ms)
				ProcessInitializeOnLoadMethodAttributes (13ms)
				AfterProcessingInitializeOnLoad (7ms)
				EditorAssembliesLoaded (0ms)
			ExecutionOrderSort2 (0ms)
			AwakeInstancesAfterBackupRestoration (8ms)
Platform modules already initialized, skipping
Refreshing native plugins compatible for Editor in 0.47 ms, found 2 plugins.
Preloading 0 native plugins for Editor in 0.00 ms.
Unloading 1493 Unused Serialized files (Serialized files now loaded: 0)
System memory in use before: 69.6 MB.
System memory in use after: 69.7 MB.

Unloading 14 unused Assets to reduce memory usage. Loaded Objects now: 1937.
Total: 5.390600 ms (FindLiveObjects: 0.232100 ms CreateObjectMapping: 0.050100 ms MarkObjects: 5.073000 ms  DeleteObjects: 0.033300 ms)

AssetImportParameters requested are different than current active one (requested -> active):
  custom:framework-win-MediaFoundation: 216162199b28c13a410421893ffa2e32 -> 
  custom:video-decoder-ogg-theora: a1e56fd34408186e4bbccfd4996cb3dc -> 
  custom:container-muxer-webm: aa71ff27fc2769a1b78a27578f13a17b -> 
  custom:container-demuxer-webm: 4f35f7cbe854078d1ac9338744f61a02 -> 
  custom:container-demuxer-ogg: 62fdf1f143b41e24485cea50d1cbac27 -> 
  custom:video-encoder-webm-vp8: eb34c28f22e8b96e1ab97ce403110664 -> 
  custom:video-decoder-webm-vp8: 9c59270c3fd7afecdb556c50c9e8de78 -> 
  custom:audio-decoder-ogg-vorbis: bf7c407c2cedff20999df2af8eb42d56 -> 
  custom:audio-encoder-webm-vorbis: bf7c407c2cedff20999df2af8eb42d56 -> 
========================================================================
Received Import Request.
  Time since last request: 377.832475 seconds.
  path: Assets/Scripts/Human.cs
  artifactKey: Guid(5cc45493edc4f834a9a17ab63ae28677) Importer(815301076,1909f56bfc062723c751e8b465ee728b)
Start importing Assets/Scripts/Human.cs using Guid(5cc45493edc4f834a9a17ab63ae28677) Importer(815301076,1909f56bfc062723c751e8b465ee728b)  -> (artifact id: '82ba488125119dbd5e1a27df836df0de') in 0.008575 seconds 
  Import took 0.012285 seconds .

========================================================================
Received Import Request.
  Time since last request: 73.110494 seconds.
  path: Assets/StudioNewPunch/SuitPack/SuitedMan/Models
  artifactKey: Guid(6abdc3f05e0141743ad36babf3419e39) Importer(815301076,1909f56bfc062723c751e8b465ee728b)
Start importing Assets/StudioNewPunch/SuitPack/SuitedMan/Models using Guid(6abdc3f05e0141743ad36babf3419e39) Importer(815301076,1909f56bfc062723c751e8b465ee728b)  -> (artifact id: '0c3f92687171a40e1021628783279c95') in 0.018961 seconds 
  Import took 0.023624 seconds .

========================================================================
Received Import Request.
  Time since last request: 0.000287 seconds.
  path: Assets/StudioNewPunch/SuitPack/SuitedMan/Models/BlueSuitFree01.fbx
  artifactKey: Guid(e6ab94ea3d7bfb840aa41680fa79570e) Importer(815301076,1909f56bfc062723c751e8b465ee728b)
Start importing Assets/StudioNewPunch/SuitPack/SuitedMan/Models/BlueSuitFree01.fbx using Guid(e6ab94ea3d7bfb840aa41680fa79570e) Importer(815301076,1909f56bfc062723c751e8b465ee728b)  -> (artifact id: 'e2f421c66cc1ea0518a157559903c527') in 0.467747 seconds 
  Import took 0.474268 seconds .

========================================================================
Received Import Request.
  Time since last request: 0.000296 seconds.
  path: Assets/StudioNewPunch/SuitPack/SuitedMan/Models/suit_F01.fbx
  artifactKey: Guid(9d5e434a2e80a114aa8a697c09eb432b) Importer(815301076,1909f56bfc062723c751e8b465ee728b)
Start importing Assets/StudioNewPunch/SuitPack/SuitedMan/Models/suit_F01.fbx using Guid(9d5e434a2e80a114aa8a697c09eb432b) Importer(815301076,1909f56bfc062723c751e8b465ee728b)  -> (artifact id: 'b3c6217fdb265d45b08c8804642453e8') in 0.114084 seconds 
  Import took 0.119480 seconds .

========================================================================
Received Import Request.
  Time since last request: 14.760367 seconds.
  path: Assets/StudioNewPunch/SuitPack/SuitedMan/Models/Materials
  artifactKey: Guid(7868273ca7ca65c4e87cf2e27bf81fd6) Importer(815301076,1909f56bfc062723c751e8b465ee728b)
Start importing Assets/StudioNewPunch/SuitPack/SuitedMan/Models/Materials using Guid(7868273ca7ca65c4e87cf2e27bf81fd6) Importer(815301076,1909f56bfc062723c751e8b465ee728b)  -> (artifact id: 'd18db84cbdbf49e1e6a30762a6de850e') in 0.013852 seconds 
  Import took 0.017261 seconds .

========================================================================
Received Import Request.
  Time since last request: 0.033418 seconds.
  path: Assets/StudioNewPunch/SuitPack/SuitedMan/Models/Materials/HeadF_MAT.mat
  artifactKey: Guid(69a125d0e01afe4439db34551f8f3268) Importer(815301076,1909f56bfc062723c751e8b465ee728b)
Start importing Assets/StudioNewPunch/SuitPack/SuitedMan/Models/Materials/HeadF_MAT.mat using Guid(69a125d0e01afe4439db34551f8f3268) Importer(815301076,1909f56bfc062723c751e8b465ee728b)  -> (artifact id: '9e0a153e96a1375b3bf6cc03e8c40ce6') in 0.095581 seconds 
  Import took 0.100580 seconds .

========================================================================
Received Import Request.
  Time since last request: 0.000230 seconds.
  path: Assets/StudioNewPunch/SuitPack/SuitedMan/Models/Materials/SuitMAT_MetallicSmoothness.bmp
  artifactKey: Guid(f7aa5c9f7034e2e44a426956874411ca) Importer(815301076,1909f56bfc062723c751e8b465ee728b)
Start importing Assets/StudioNewPunch/SuitPack/SuitedMan/Models/Materials/SuitMAT_MetallicSmoothness.bmp using Guid(f7aa5c9f7034e2e44a426956874411ca) Importer(815301076,1909f56bfc062723c751e8b465ee728b)  -> (artifact id: '3e3e48497aa0758fec9e045cfef92ac6') in 0.115607 seconds 
  Import took 0.119562 seconds .

========================================================================
Received Import Request.
  Time since last request: 0.000246 seconds.
  path: Assets/StudioNewPunch/SuitPack/SuitedMan/Models/Materials/HeadF_MAT_MetallicSmoothness.bmp
  artifactKey: Guid(79df28570a5b72343a5464a84c5be328) Importer(815301076,1909f56bfc062723c751e8b465ee728b)
Start importing Assets/StudioNewPunch/SuitPack/SuitedMan/Models/Materials/HeadF_MAT_MetallicSmoothness.bmp using Guid(79df28570a5b72343a5464a84c5be328) Importer(815301076,1909f56bfc062723c751e8b465ee728b)  -> (artifact id: '5f1ae94f30209b6646248cc90f93794a') in 0.060365 seconds 
  Import took 0.064849 seconds .

========================================================================
Received Import Request.
  Time since last request: 0.000247 seconds.
  path: Assets/StudioNewPunch/SuitPack/SuitedMan/Models/Materials/SuitMAT_AlbedoTransparency.bmp
  artifactKey: Guid(94989fee1ac2c064d915fa6ca54fa508) Importer(815301076,1909f56bfc062723c751e8b465ee728b)
Start importing Assets/StudioNewPunch/SuitPack/SuitedMan/Models/Materials/SuitMAT_AlbedoTransparency.bmp using Guid(94989fee1ac2c064d915fa6ca54fa508) Importer(815301076,1909f56bfc062723c751e8b465ee728b)  -> (artifact id: '4ac9e5a52c65d09dcafa8a01b4ba5451') in 0.029165 seconds 
  Import took 0.032701 seconds .

========================================================================
Received Import Request.
  Time since last request: 0.000233 seconds.
  path: Assets/StudioNewPunch/SuitPack/SuitedMan/Models/Materials/SuitMAT_Normal.bmp
  artifactKey: Guid(b6735e1806bc0a943b2581e39708123d) Importer(815301076,1909f56bfc062723c751e8b465ee728b)
Start importing Assets/StudioNewPunch/SuitPack/SuitedMan/Models/Materials/SuitMAT_Normal.bmp using Guid(b6735e1806bc0a943b2581e39708123d) Importer(815301076,1909f56bfc062723c751e8b465ee728b)  -> (artifact id: '48b1b7783105367b0121b3ccd8f5c62e') in 0.045180 seconds 
  Import took 0.048680 seconds .

========================================================================
Received Import Request.
  Time since last request: 0.000223 seconds.
  path: Assets/StudioNewPunch/SuitPack/SuitedMan/Models/Materials/SuitMAT.mat
  artifactKey: Guid(4588a918695c3404b81ce408babb4dcb) Importer(815301076,1909f56bfc062723c751e8b465ee728b)
Start importing Assets/StudioNewPunch/SuitPack/SuitedMan/Models/Materials/SuitMAT.mat using Guid(4588a918695c3404b81ce408babb4dcb) Importer(815301076,1909f56bfc062723c751e8b465ee728b)  -> (artifact id: '798680ea0acb024a7add19bbc4d018e3') in 0.073928 seconds 
  Import took 0.077791 seconds .

========================================================================
Received Import Request.
  Time since last request: 0.000241 seconds.
  path: Assets/StudioNewPunch/SuitPack/SuitedMan/Models/Materials/HeadF_MAT_Normal.bmp
  artifactKey: Guid(70f623e9ac0bba0439379cdea9ffb450) Importer(815301076,1909f56bfc062723c751e8b465ee728b)
Start importing Assets/StudioNewPunch/SuitPack/SuitedMan/Models/Materials/HeadF_MAT_Normal.bmp using Guid(70f623e9ac0bba0439379cdea9ffb450) Importer(815301076,1909f56bfc062723c751e8b465ee728b)  -> (artifact id: 'b5bb88dbb295db9033e38b6b57dc8ad3') in 0.055801 seconds 
  Import took 0.060130 seconds .

========================================================================
Received Import Request.
  Time since last request: 0.000305 seconds.
  path: Assets/StudioNewPunch/SuitPack/SuitedMan/Models/Materials/HeadF_MAT_AlbedoTransparency.bmp
  artifactKey: Guid(8b89e950a4a38cd4cb40ab7baf1a1dc6) Importer(815301076,1909f56bfc062723c751e8b465ee728b)
Start importing Assets/StudioNewPunch/SuitPack/SuitedMan/Models/Materials/HeadF_MAT_AlbedoTransparency.bmp using Guid(8b89e950a4a38cd4cb40ab7baf1a1dc6) Importer(815301076,1909f56bfc062723c751e8b465ee728b)  -> (artifact id: 'd63ce1ab5f41b807e0f048e52248db31') in 0.049004 seconds 
  Import took 0.054303 seconds .

========================================================================
Received Prepare
Registering precompiled user dll's ...
Registered in 0.004830 seconds.
Begin MonoManager ReloadAssembly
Native extension for WindowsStandalone target not found
Refreshing native plugins compatible for Editor in 0.47 ms, found 2 plugins.
Preloading 0 native plugins for Editor in 0.00 ms.
Mono: successfully reloaded assembly
- Completed reload, in  1.203 seconds
Domain Reload Profiling:
	ReloadAssembly (1203ms)
		BeginReloadAssembly (126ms)
			ExecutionOrderSort (0ms)
			DisableScriptedObjects (5ms)
			BackupInstance (0ms)
			ReleaseScriptingObjects (0ms)
			CreateAndSetChildDomain (43ms)
		EndReloadAssembly (999ms)
			LoadAssemblies (100ms)
			RebuildTransferFunctionScriptingTraits (0ms)
			SetupTypeCache (360ms)
			ReleaseScriptCaches (1ms)
			RebuildScriptCaches (62ms)
			SetupLoadedEditorAssemblies (345ms)
				LogAssemblyErrors (0ms)
				InitializePlatformSupportModulesInManaged (5ms)
				SetLoadedEditorAssemblies (1ms)
				RefreshPlugins (1ms)
				BeforeProcessingInitializeOnLoad (67ms)
				ProcessInitializeOnLoadAttributes (254ms)
				ProcessInitializeOnLoadMethodAttributes (11ms)
				AfterProcessingInitializeOnLoad (7ms)
				EditorAssembliesLoaded (0ms)
			ExecutionOrderSort2 (0ms)
			AwakeInstancesAfterBackupRestoration (8ms)
Platform modules already initialized, skipping
Refreshing native plugins compatible for Editor in 0.46 ms, found 2 plugins.
Preloading 0 native plugins for Editor in 0.00 ms.
Unloading 1493 Unused Serialized files (Serialized files now loaded: 0)
System memory in use before: 86.7 MB.
System memory in use after: 86.8 MB.

Unloading 15 unused Assets to reduce memory usage. Loaded Objects now: 1986.
Total: 5.039600 ms (FindLiveObjects: 0.279800 ms CreateObjectMapping: 0.081800 ms MarkObjects: 4.632800 ms  DeleteObjects: 0.043300 ms)

AssetImportParameters requested are different than current active one (requested -> active):
  custom:framework-win-MediaFoundation: 216162199b28c13a410421893ffa2e32 -> 
  custom:video-decoder-ogg-theora: a1e56fd34408186e4bbccfd4996cb3dc -> 
  custom:container-muxer-webm: aa71ff27fc2769a1b78a27578f13a17b -> 
  custom:container-demuxer-webm: 4f35f7cbe854078d1ac9338744f61a02 -> 
  custom:container-demuxer-ogg: 62fdf1f143b41e24485cea50d1cbac27 -> 
  custom:video-encoder-webm-vp8: eb34c28f22e8b96e1ab97ce403110664 -> 
  custom:video-decoder-webm-vp8: 9c59270c3fd7afecdb556c50c9e8de78 -> 
  custom:audio-decoder-ogg-vorbis: bf7c407c2cedff20999df2af8eb42d56 -> 
  custom:audio-encoder-webm-vorbis: bf7c407c2cedff20999df2af8eb42d56 -> 
========================================================================
Received Prepare
Registering precompiled user dll's ...
Registered in 0.007481 seconds.
Begin MonoManager ReloadAssembly
Native extension for WindowsStandalone target not found
Refreshing native plugins compatible for Editor in 0.47 ms, found 2 plugins.
Preloading 0 native plugins for Editor in 0.00 ms.
Mono: successfully reloaded assembly
- Completed reload, in  1.263 seconds
Domain Reload Profiling:
	ReloadAssembly (1264ms)
		BeginReloadAssembly (131ms)
			ExecutionOrderSort (0ms)
			DisableScriptedObjects (6ms)
			BackupInstance (0ms)
			ReleaseScriptingObjects (0ms)
			CreateAndSetChildDomain (43ms)
		EndReloadAssembly (1043ms)
			LoadAssemblies (112ms)
			RebuildTransferFunctionScriptingTraits (0ms)
			SetupTypeCache (394ms)
			ReleaseScriptCaches (1ms)
			RebuildScriptCaches (63ms)
			SetupLoadedEditorAssemblies (334ms)
				LogAssemblyErrors (0ms)
				InitializePlatformSupportModulesInManaged (5ms)
				SetLoadedEditorAssemblies (1ms)
				RefreshPlugins (1ms)
				BeforeProcessingInitializeOnLoad (59ms)
				ProcessInitializeOnLoadAttributes (249ms)
				ProcessInitializeOnLoadMethodAttributes (13ms)
				AfterProcessingInitializeOnLoad (7ms)
				EditorAssembliesLoaded (0ms)
			ExecutionOrderSort2 (0ms)
			AwakeInstancesAfterBackupRestoration (8ms)
Platform modules already initialized, skipping
Refreshing native plugins compatible for Editor in 0.48 ms, found 2 plugins.
Preloading 0 native plugins for Editor in 0.00 ms.
Unloading 1493 Unused Serialized files (Serialized files now loaded: 0)
System memory in use before: 86.7 MB.
System memory in use after: 86.8 MB.

Unloading 14 unused Assets to reduce memory usage. Loaded Objects now: 1988.
Total: 3.719300 ms (FindLiveObjects: 0.226100 ms CreateObjectMapping: 0.052400 ms MarkObjects: 3.413400 ms  DeleteObjects: 0.025600 ms)

AssetImportParameters requested are different than current active one (requested -> active):
  custom:framework-win-MediaFoundation: 216162199b28c13a410421893ffa2e32 -> 
  custom:video-decoder-ogg-theora: a1e56fd34408186e4bbccfd4996cb3dc -> 
  custom:container-muxer-webm: aa71ff27fc2769a1b78a27578f13a17b -> 
  custom:container-demuxer-webm: 4f35f7cbe854078d1ac9338744f61a02 -> 
  custom:container-demuxer-ogg: 62fdf1f143b41e24485cea50d1cbac27 -> 
  custom:video-encoder-webm-vp8: eb34c28f22e8b96e1ab97ce403110664 -> 
  custom:video-decoder-webm-vp8: 9c59270c3fd7afecdb556c50c9e8de78 -> 
  custom:audio-decoder-ogg-vorbis: bf7c407c2cedff20999df2af8eb42d56 -> 
  custom:audio-encoder-webm-vorbis: bf7c407c2cedff20999df2af8eb42d56 -> 
========================================================================
Received Prepare
Registering precompiled user dll's ...
Registered in 0.004795 seconds.
Begin MonoManager ReloadAssembly
Native extension for WindowsStandalone target not found
Refreshing native plugins compatible for Editor in 0.60 ms, found 2 plugins.
Preloading 0 native plugins for Editor in 0.00 ms.
Mono: successfully reloaded assembly
- Completed reload, in  1.281 seconds
Domain Reload Profiling:
	ReloadAssembly (1282ms)
		BeginReloadAssembly (130ms)
			ExecutionOrderSort (0ms)
			DisableScriptedObjects (6ms)
			BackupInstance (0ms)
			ReleaseScriptingObjects (0ms)
			CreateAndSetChildDomain (41ms)
		EndReloadAssembly (1073ms)
			LoadAssemblies (99ms)
			RebuildTransferFunctionScriptingTraits (0ms)
			SetupTypeCache (401ms)
			ReleaseScriptCaches (1ms)
			RebuildScriptCaches (67ms)
			SetupLoadedEditorAssemblies (361ms)
				LogAssemblyErrors (0ms)
				InitializePlatformSupportModulesInManaged (6ms)
				SetLoadedEditorAssemblies (1ms)
				RefreshPlugins (1ms)
				BeforeProcessingInitializeOnLoad (83ms)
				ProcessInitializeOnLoadAttributes (252ms)
				ProcessInitializeOnLoadMethodAttributes (11ms)
				AfterProcessingInitializeOnLoad (7ms)
				EditorAssembliesLoaded (0ms)
			ExecutionOrderSort2 (0ms)
			AwakeInstancesAfterBackupRestoration (8ms)
Platform modules already initialized, skipping
Refreshing native plugins compatible for Editor in 0.47 ms, found 2 plugins.
Preloading 0 native plugins for Editor in 0.00 ms.
Unloading 1493 Unused Serialized files (Serialized files now loaded: 0)
System memory in use before: 86.7 MB.
System memory in use after: 86.8 MB.

Unloading 14 unused Assets to reduce memory usage. Loaded Objects now: 1990.
Total: 5.287400 ms (FindLiveObjects: 0.255100 ms CreateObjectMapping: 0.048300 ms MarkObjects: 4.955600 ms  DeleteObjects: 0.026400 ms)

AssetImportParameters requested are different than current active one (requested -> active):
  custom:framework-win-MediaFoundation: 216162199b28c13a410421893ffa2e32 -> 
  custom:video-decoder-ogg-theora: a1e56fd34408186e4bbccfd4996cb3dc -> 
  custom:container-muxer-webm: aa71ff27fc2769a1b78a27578f13a17b -> 
  custom:container-demuxer-webm: 4f35f7cbe854078d1ac9338744f61a02 -> 
  custom:container-demuxer-ogg: 62fdf1f143b41e24485cea50d1cbac27 -> 
  custom:video-encoder-webm-vp8: eb34c28f22e8b96e1ab97ce403110664 -> 
  custom:video-decoder-webm-vp8: 9c59270c3fd7afecdb556c50c9e8de78 -> 
  custom:audio-decoder-ogg-vorbis: bf7c407c2cedff20999df2af8eb42d56 -> 
  custom:audio-encoder-webm-vorbis: bf7c407c2cedff20999df2af8eb42d56 -> 
========================================================================
Received Prepare
Registering precompiled user dll's ...
Registered in 0.012171 seconds.
Begin MonoManager ReloadAssembly
Native extension for WindowsStandalone target not found
Refreshing native plugins compatible for Editor in 0.96 ms, found 2 plugins.
Preloading 0 native plugins for Editor in 0.00 ms.
Mono: successfully reloaded assembly
- Completed reload, in  1.444 seconds
Domain Reload Profiling:
	ReloadAssembly (1445ms)
		BeginReloadAssembly (148ms)
			ExecutionOrderSort (0ms)
			DisableScriptedObjects (7ms)
			BackupInstance (0ms)
			ReleaseScriptingObjects (0ms)
			CreateAndSetChildDomain (47ms)
		EndReloadAssembly (1207ms)
			LoadAssemblies (120ms)
			RebuildTransferFunctionScriptingTraits (0ms)
			SetupTypeCache (475ms)
			ReleaseScriptCaches (1ms)
			RebuildScriptCaches (65ms)
			SetupLoadedEditorAssemblies (404ms)
				LogAssemblyErrors (0ms)
				InitializePlatformSupportModulesInManaged (9ms)
				SetLoadedEditorAssemblies (1ms)
				RefreshPlugins (1ms)
				BeforeProcessingInitializeOnLoad (66ms)
				ProcessInitializeOnLoadAttributes (307ms)
				ProcessInitializeOnLoadMethodAttributes (12ms)
				AfterProcessingInitializeOnLoad (7ms)
				EditorAssembliesLoaded (0ms)
			ExecutionOrderSort2 (0ms)
			AwakeInstancesAfterBackupRestoration (9ms)
Platform modules already initialized, skipping
Refreshing native plugins compatible for Editor in 0.48 ms, found 2 plugins.
Preloading 0 native plugins for Editor in 0.00 ms.
Unloading 1493 Unused Serialized files (Serialized files now loaded: 0)
System memory in use before: 86.7 MB.
System memory in use after: 86.8 MB.

Unloading 14 unused Assets to reduce memory usage. Loaded Objects now: 1992.
Total: 6.213600 ms (FindLiveObjects: 0.290800 ms CreateObjectMapping: 0.078600 ms MarkObjects: 5.804900 ms  DeleteObjects: 0.036600 ms)

AssetImportParameters requested are different than current active one (requested -> active):
  custom:framework-win-MediaFoundation: 216162199b28c13a410421893ffa2e32 -> 
  custom:video-decoder-ogg-theora: a1e56fd34408186e4bbccfd4996cb3dc -> 
  custom:container-muxer-webm: aa71ff27fc2769a1b78a27578f13a17b -> 
  custom:container-demuxer-webm: 4f35f7cbe854078d1ac9338744f61a02 -> 
  custom:container-demuxer-ogg: 62fdf1f143b41e24485cea50d1cbac27 -> 
  custom:video-encoder-webm-vp8: eb34c28f22e8b96e1ab97ce403110664 -> 
  custom:video-decoder-webm-vp8: 9c59270c3fd7afecdb556c50c9e8de78 -> 
  custom:audio-decoder-ogg-vorbis: bf7c407c2cedff20999df2af8eb42d56 -> 
  custom:audio-encoder-webm-vorbis: bf7c407c2cedff20999df2af8eb42d56 -> 
========================================================================
Received Prepare
Registering precompiled user dll's ...
Registered in 0.005868 seconds.
Begin MonoManager ReloadAssembly
Native extension for WindowsStandalone target not found
Refreshing native plugins compatible for Editor in 0.54 ms, found 2 plugins.
Preloading 0 native plugins for Editor in 0.00 ms.
Mono: successfully reloaded assembly
- Completed reload, in  1.263 seconds
Domain Reload Profiling:
	ReloadAssembly (1264ms)
		BeginReloadAssembly (134ms)
			ExecutionOrderSort (0ms)
			DisableScriptedObjects (6ms)
			BackupInstance (0ms)
			ReleaseScriptingObjects (0ms)
			CreateAndSetChildDomain (46ms)
		EndReloadAssembly (1038ms)
			LoadAssemblies (110ms)
			RebuildTransferFunctionScriptingTraits (0ms)
			SetupTypeCache (394ms)
			ReleaseScriptCaches (1ms)
			RebuildScriptCaches (53ms)
			SetupLoadedEditorAssemblies (334ms)
				LogAssemblyErrors (0ms)
				InitializePlatformSupportModulesInManaged (6ms)
				SetLoadedEditorAssemblies (1ms)
				RefreshPlugins (1ms)
				BeforeProcessingInitializeOnLoad (65ms)
				ProcessInitializeOnLoadAttributes (243ms)
				ProcessInitializeOnLoadMethodAttributes (11ms)
				AfterProcessingInitializeOnLoad (7ms)
				EditorAssembliesLoaded (0ms)
			ExecutionOrderSort2 (0ms)
			AwakeInstancesAfterBackupRestoration (9ms)
Platform modules already initialized, skipping
Refreshing native plugins compatible for Editor in 0.48 ms, found 2 plugins.
Preloading 0 native plugins for Editor in 0.00 ms.
Unloading 1493 Unused Serialized files (Serialized files now loaded: 0)
System memory in use before: 86.7 MB.
System memory in use after: 86.8 MB.

Unloading 14 unused Assets to reduce memory usage. Loaded Objects now: 1994.
Total: 5.172000 ms (FindLiveObjects: 0.252900 ms CreateObjectMapping: 0.076200 ms MarkObjects: 4.811000 ms  DeleteObjects: 0.030200 ms)

AssetImportParameters requested are different than current active one (requested -> active):
  custom:framework-win-MediaFoundation: 216162199b28c13a410421893ffa2e32 -> 
  custom:video-decoder-ogg-theora: a1e56fd34408186e4bbccfd4996cb3dc -> 
  custom:container-muxer-webm: aa71ff27fc2769a1b78a27578f13a17b -> 
  custom:container-demuxer-webm: 4f35f7cbe854078d1ac9338744f61a02 -> 
  custom:container-demuxer-ogg: 62fdf1f143b41e24485cea50d1cbac27 -> 
  custom:video-encoder-webm-vp8: eb34c28f22e8b96e1ab97ce403110664 -> 
  custom:video-decoder-webm-vp8: 9c59270c3fd7afecdb556c50c9e8de78 -> 
  custom:audio-decoder-ogg-vorbis: bf7c407c2cedff20999df2af8eb42d56 -> 
  custom:audio-encoder-webm-vorbis: bf7c407c2cedff20999df2af8eb42d56 -> 
========================================================================
Received Prepare
Registering precompiled user dll's ...
Registered in 0.005286 seconds.
Begin MonoManager ReloadAssembly
Native extension for WindowsStandalone target not found
Refreshing native plugins compatible for Editor in 0.52 ms, found 2 plugins.
Preloading 0 native plugins for Editor in 0.00 ms.
Mono: successfully reloaded assembly
- Completed reload, in  1.283 seconds
Domain Reload Profiling:
	ReloadAssembly (1284ms)
		BeginReloadAssembly (154ms)
			ExecutionOrderSort (0ms)
			DisableScriptedObjects (10ms)
			BackupInstance (0ms)
			ReleaseScriptingObjects (0ms)
			CreateAndSetChildDomain (44ms)
		EndReloadAssembly (1046ms)
			LoadAssemblies (114ms)
			RebuildTransferFunctionScriptingTraits (0ms)
			SetupTypeCache (401ms)
			ReleaseScriptCaches (1ms)
			RebuildScriptCaches (56ms)
			SetupLoadedEditorAssemblies (331ms)
				LogAssemblyErrors (0ms)
				InitializePlatformSupportModulesInManaged (6ms)
				SetLoadedEditorAssemblies (1ms)
				RefreshPlugins (1ms)
				BeforeProcessingInitializeOnLoad (65ms)
				ProcessInitializeOnLoadAttributes (241ms)
				ProcessInitializeOnLoadMethodAttributes (11ms)
				AfterProcessingInitializeOnLoad (7ms)
				EditorAssembliesLoaded (0ms)
			ExecutionOrderSort2 (0ms)
			AwakeInstancesAfterBackupRestoration (9ms)
Platform modules already initialized, skipping
Refreshing native plugins compatible for Editor in 0.49 ms, found 2 plugins.
Preloading 0 native plugins for Editor in 0.00 ms.
Unloading 1493 Unused Serialized files (Serialized files now loaded: 0)
System memory in use before: 86.7 MB.
System memory in use after: 86.8 MB.

Unloading 14 unused Assets to reduce memory usage. Loaded Objects now: 1996.
Total: 4.331000 ms (FindLiveObjects: 0.250100 ms CreateObjectMapping: 0.058700 ms MarkObjects: 3.992900 ms  DeleteObjects: 0.026800 ms)

AssetImportParameters requested are different than current active one (requested -> active):
  custom:framework-win-MediaFoundation: 216162199b28c13a410421893ffa2e32 -> 
  custom:video-decoder-ogg-theora: a1e56fd34408186e4bbccfd4996cb3dc -> 
  custom:container-muxer-webm: aa71ff27fc2769a1b78a27578f13a17b -> 
  custom:container-demuxer-webm: 4f35f7cbe854078d1ac9338744f61a02 -> 
  custom:container-demuxer-ogg: 62fdf1f143b41e24485cea50d1cbac27 -> 
  custom:video-encoder-webm-vp8: eb34c28f22e8b96e1ab97ce403110664 -> 
  custom:video-decoder-webm-vp8: 9c59270c3fd7afecdb556c50c9e8de78 -> 
  custom:audio-decoder-ogg-vorbis: bf7c407c2cedff20999df2af8eb42d56 -> 
  custom:audio-encoder-webm-vorbis: bf7c407c2cedff20999df2af8eb42d56 -> 
========================================================================
Received Import Request.
  Time since last request: 2137.850830 seconds.
  path: Assets/Drone
  artifactKey: Guid(c7ac3279d4e05614ea47bcf980049326) Importer(815301076,1909f56bfc062723c751e8b465ee728b)
Start importing Assets/Drone using Guid(c7ac3279d4e05614ea47bcf980049326) Importer(815301076,1909f56bfc062723c751e8b465ee728b)  -> (artifact id: '54d0f03134ea31f72de66ee6492f3972') in 0.018789 seconds 
  Import took 0.022901 seconds .

========================================================================
Received Import Request.
  Time since last request: 30.291524 seconds.
  path: Assets/Drone/prefab
  artifactKey: Guid(c8a0502feaca637408793e01112c4919) Importer(815301076,1909f56bfc062723c751e8b465ee728b)
Start importing Assets/Drone/prefab using Guid(c8a0502feaca637408793e01112c4919) Importer(815301076,1909f56bfc062723c751e8b465ee728b)  -> (artifact id: '7339fe6454efd70066d509c34e914539') in 0.014141 seconds 
  Import took 0.019604 seconds .

========================================================================
Received Import Request.
  Time since last request: 0.000300 seconds.
  path: Assets/Drone/prefab/drone Black.prefab
  artifactKey: Guid(c53e58c59cba20e4ab6f2080fbdafb5f) Importer(815301076,1909f56bfc062723c751e8b465ee728b)
Start importing Assets/Drone/prefab/drone Black.prefab using Guid(c53e58c59cba20e4ab6f2080fbdafb5f) Importer(815301076,1909f56bfc062723c751e8b465ee728b)  -> (artifact id: '65cd0f534f036d3da57022ce75746e59') in 0.143402 seconds 
  Import took 0.148413 seconds .

========================================================================
Received Import Request.
  Time since last request: 0.000251 seconds.
  path: Assets/Drone/prefab/drone green Variant.prefab
  artifactKey: Guid(cf23b55ba765f374aab36c1a7a3b28f4) Importer(815301076,1909f56bfc062723c751e8b465ee728b)
Start importing Assets/Drone/prefab/drone green Variant.prefab using Guid(cf23b55ba765f374aab36c1a7a3b28f4) Importer(815301076,1909f56bfc062723c751e8b465ee728b)  -> (artifact id: '72932dce8cba9de75245c8335db30fc9') in 0.061783 seconds 
  Import took 0.066477 seconds .

========================================================================
Received Import Request.
  Time since last request: 0.000275 seconds.
  path: Assets/Drone/prefab/drone.prefab
  artifactKey: Guid(e746f881748d3a147949e70e5c570880) Importer(815301076,1909f56bfc062723c751e8b465ee728b)
Start importing Assets/Drone/prefab/drone.prefab using Guid(e746f881748d3a147949e70e5c570880) Importer(815301076,1909f56bfc062723c751e8b465ee728b)  -> (artifact id: '492b3f277c1c48488ee30f56ae903895') in 0.052378 seconds 
  Import took 0.056115 seconds .

========================================================================
Received Import Request.
  Time since last request: 0.000238 seconds.
  path: Assets/Drone/prefab/drone orange Variant.prefab
  artifactKey: Guid(b8c5de00063898242910230cb837de87) Importer(815301076,1909f56bfc062723c751e8b465ee728b)
Start importing Assets/Drone/prefab/drone orange Variant.prefab using Guid(b8c5de00063898242910230cb837de87) Importer(815301076,1909f56bfc062723c751e8b465ee728b)  -> (artifact id: '24a6f32068b7484abb87647c70e7fe75') in 0.049846 seconds 
  Import took 0.053779 seconds .

========================================================================
Received Import Request.
  Time since last request: 0.000223 seconds.
  path: Assets/Drone/prefab/drone black and white Variant.prefab
  artifactKey: Guid(ce1e8e032db7c26449ae1d260b060f0c) Importer(815301076,1909f56bfc062723c751e8b465ee728b)
Start importing Assets/Drone/prefab/drone black and white Variant.prefab using Guid(ce1e8e032db7c26449ae1d260b060f0c) Importer(815301076,1909f56bfc062723c751e8b465ee728b)  -> (artifact id: '0eef1d43e6de69fae675e57940a5fd2f') in 0.052260 seconds 
  Import took 0.056036 seconds .

========================================================================
Received Import Request.
  Time since last request: 0.000275 seconds.
  path: Assets/Drone/prefab/drone blue.prefab
  artifactKey: Guid(323885c14529a9142b1f9dbaabda8e4a) Importer(815301076,1909f56bfc062723c751e8b465ee728b)
Start importing Assets/Drone/prefab/drone blue.prefab using Guid(323885c14529a9142b1f9dbaabda8e4a) Importer(815301076,1909f56bfc062723c751e8b465ee728b)  -> (artifact id: 'c1ec6a8046813795eb45266652a8ad82') in 0.047245 seconds 
  Import took 0.052650 seconds .

========================================================================
Received Prepare
Registering precompiled user dll's ...
Registered in 0.004913 seconds.
Begin MonoManager ReloadAssembly
Native extension for WindowsStandalone target not found
Refreshing native plugins compatible for Editor in 0.48 ms, found 2 plugins.
Preloading 0 native plugins for Editor in 0.00 ms.
Mono: successfully reloaded assembly
- Completed reload, in  1.181 seconds
Domain Reload Profiling:
	ReloadAssembly (1181ms)
		BeginReloadAssembly (128ms)
			ExecutionOrderSort (0ms)
			DisableScriptedObjects (6ms)
			BackupInstance (0ms)
			ReleaseScriptingObjects (0ms)
			CreateAndSetChildDomain (39ms)
		EndReloadAssembly (976ms)
			LoadAssemblies (101ms)
			RebuildTransferFunctionScriptingTraits (0ms)
			SetupTypeCache (348ms)
			ReleaseScriptCaches (1ms)
			RebuildScriptCaches (56ms)
			SetupLoadedEditorAssemblies (340ms)
				LogAssemblyErrors (0ms)
				InitializePlatformSupportModulesInManaged (6ms)
				SetLoadedEditorAssemblies (1ms)
				RefreshPlugins (1ms)
				BeforeProcessingInitializeOnLoad (61ms)
				ProcessInitializeOnLoadAttributes (254ms)
				ProcessInitializeOnLoadMethodAttributes (11ms)
				AfterProcessingInitializeOnLoad (7ms)
				EditorAssembliesLoaded (0ms)
			ExecutionOrderSort2 (0ms)
			AwakeInstancesAfterBackupRestoration (8ms)
Platform modules already initialized, skipping
Refreshing native plugins compatible for Editor in 0.48 ms, found 2 plugins.
Preloading 0 native plugins for Editor in 0.00 ms.
Unloading 1493 Unused Serialized files (Serialized files now loaded: 0)
System memory in use before: 86.9 MB.
System memory in use after: 87.0 MB.

Unloading 14 unused Assets to reduce memory usage. Loaded Objects now: 1999.
Total: 5.825200 ms (FindLiveObjects: 0.222600 ms CreateObjectMapping: 0.050800 ms MarkObjects: 5.522400 ms  DeleteObjects: 0.027300 ms)

AssetImportParameters requested are different than current active one (requested -> active):
  custom:framework-win-MediaFoundation: 216162199b28c13a410421893ffa2e32 -> 
  custom:video-decoder-ogg-theora: a1e56fd34408186e4bbccfd4996cb3dc -> 
  custom:container-muxer-webm: aa71ff27fc2769a1b78a27578f13a17b -> 
  custom:container-demuxer-webm: 4f35f7cbe854078d1ac9338744f61a02 -> 
  custom:container-demuxer-ogg: 62fdf1f143b41e24485cea50d1cbac27 -> 
  custom:video-encoder-webm-vp8: eb34c28f22e8b96e1ab97ce403110664 -> 
  custom:video-decoder-webm-vp8: 9c59270c3fd7afecdb556c50c9e8de78 -> 
  custom:audio-decoder-ogg-vorbis: bf7c407c2cedff20999df2af8eb42d56 -> 
  custom:audio-encoder-webm-vorbis: bf7c407c2cedff20999df2af8eb42d56 -> 
AssetImportWorkerClient::OnTransportError - code=2 error=End of file
